<?xml version="1.0" encoding="UTF-8"?>
<!-- Generated by org.testng.reporters.JUnitReportReporter -->
<testsuite name="testcases.VerifyHomePage" tests="1" time="10.194" ignored="0" failures="0" timestamp="07 May 2017 10:45:47 GMT" skipped="0" hostname="Anil-PC" errors="0">
  <testcase name="testHomePage" time="10.194" classname="testcases.VerifyHomePage"/>
</testsuite> <!-- testcases.VerifyHomePage -->
